ARM GAS  /var/folders/kr/_85zhnz53vldd5tqwnc25svm0000gn/T//ccSxGnoW.s 			page 1


   1              		.cpu cortex-m4
   2              		.arch armv7e-m
   3              		.fpu fpv4-sp-d16
   4              		.eabi_attribute 27, 1
   5              		.eabi_attribute 28, 1
   6              		.eabi_attribute 20, 1
   7              		.eabi_attribute 21, 1
   8              		.eabi_attribute 23, 3
   9              		.eabi_attribute 24, 1
  10              		.eabi_attribute 25, 1
  11              		.eabi_attribute 26, 1
  12              		.eabi_attribute 30, 1
  13              		.eabi_attribute 34, 1
  14              		.eabi_attribute 18, 4
  15              		.file	"shoot.c"
  16              		.text
  17              	.Ltext0:
  18              		.cfi_sections	.debug_frame
  19              		.file 1 "application/shoot/shoot.c"
  20              		.section	.rodata.ShootInit.str1.4,"aMS",%progbits,1
  21              		.align	2
  22              	.LC0:
  23 0000 73686F6F 		.ascii	"shoot_feed\000"
  23      745F6665 
  23      656400
  24 000b 00       		.align	2
  25              	.LC1:
  26 000c 73686F6F 		.ascii	"shoot_cmd\000"
  26      745F636D 
  26      6400
  27              		.section	.text.ShootInit,"ax",%progbits
  28              		.align	1
  29              		.global	ShootInit
  30              		.syntax unified
  31              		.thumb
  32              		.thumb_func
  34              	ShootInit:
  35              	.LFB271:
   1:application/shoot/shoot.c **** #include "shoot.h"
   2:application/shoot/shoot.c **** #include "robot_def.h"
   3:application/shoot/shoot.c **** 
   4:application/shoot/shoot.c **** #include "dji_motor.h"
   5:application/shoot/shoot.c **** #include "message_center.h"
   6:application/shoot/shoot.c **** #include "bsp_dwt.h"
   7:application/shoot/shoot.c **** #include "general_def.h"
   8:application/shoot/shoot.c **** 
   9:application/shoot/shoot.c **** /* ÂØπ‰∫éÂèåÂèëÂ∞ÑÊú∫ÊûÑÁöÑÊú∫Âô®‰∫∫,Â∞Ü‰∏ãÈù¢ÁöÑÊï∞ÊçÆÂ∞ÅË£ÖÊàêÁªìÊûÑ‰ΩìÂç≥ÂèØ,ÁîüÊàê‰∏§‰ªΩshootÂ∫
  10:application/shoot/shoot.c **** static DJIMotorInstance *friction_l, *friction_r, *loader; // Êã®ÁõòÁîµÊú∫
  11:application/shoot/shoot.c **** // static servo_instance *lid; ÈúÄË¶ÅÂ¢ûÂä†ÂºπËà±Áõñ
  12:application/shoot/shoot.c **** 
  13:application/shoot/shoot.c **** static Publisher_t *shoot_pub;
  14:application/shoot/shoot.c **** static Shoot_Ctrl_Cmd_s shoot_cmd_recv; // Êù•Ëá™cmdÁöÑÂèëÂ∞ÑÊéßÂà∂‰ø°ÊÅØ
  15:application/shoot/shoot.c **** static Subscriber_t *shoot_sub;
  16:application/shoot/shoot.c **** static Shoot_Upload_Data_s shoot_feedback_data; // Êù•Ëá™cmdÁöÑÂèëÂ∞ÑÊéßÂà∂‰ø°ÊÅØ
  17:application/shoot/shoot.c **** 
  18:application/shoot/shoot.c **** // dwtÂÆöÊó∂,ËÆ°ÁÆóÂÜ∑Âç¥Áî®
  19:application/shoot/shoot.c **** static float hibernate_time = 0, dead_time = 0;
ARM GAS  /var/folders/kr/_85zhnz53vldd5tqwnc25svm0000gn/T//ccSxGnoW.s 			page 2


  20:application/shoot/shoot.c **** 
  21:application/shoot/shoot.c **** void ShootInit()
  22:application/shoot/shoot.c **** {
  36              		.loc 1 22 1 view -0
  37              		.cfi_startproc
  38              		@ args = 0, pretend = 0, frame = 352
  39              		@ frame_needed = 0, uses_anonymous_args = 0
  40 0000 F0B5     		push	{r4, r5, r6, r7, lr}
  41              	.LCFI0:
  42              		.cfi_def_cfa_offset 20
  43              		.cfi_offset 4, -20
  44              		.cfi_offset 5, -16
  45              		.cfi_offset 6, -12
  46              		.cfi_offset 7, -8
  47              		.cfi_offset 14, -4
  48 0002 D9B0     		sub	sp, sp, #356
  49              	.LCFI1:
  50              		.cfi_def_cfa_offset 376
  23:application/shoot/shoot.c ****     // Â∑¶Êë©Êì¶ËΩÆ
  24:application/shoot/shoot.c ****     Motor_Init_Config_s friction_config = {
  51              		.loc 1 24 5 view .LVU1
  52              		.loc 1 24 25 is_stmt 0 view .LVU2
  53 0004 B027     		movs	r7, #176
  54 0006 3A46     		mov	r2, r7
  55 0008 0021     		movs	r1, #0
  56 000a 0DEB0700 		add	r0, sp, r7
  57 000e FFF7FEFF 		bl	memset
  58              	.LVL0:
  59 0012 294A     		ldr	r2, .L3
  60 0014 3392     		str	r2, [sp, #204]	@ float
  61 0016 0124     		movs	r4, #1
  62 0018 8DF8D440 		strb	r4, [sp, #212]
  63 001c 274B     		ldr	r3, .L3+4
  64 001e 3693     		str	r3, [sp, #216]	@ float
  65 0020 3E92     		str	r2, [sp, #248]	@ float
  66 0022 8DF80041 		strb	r4, [sp, #256]
  67 0026 4193     		str	r3, [sp, #260]	@ float
  68 0028 0225     		movs	r5, #2
  69 002a 8DF84451 		strb	r5, [sp, #324]
  70 002e 0326     		movs	r6, #3
  71 0030 8DF84561 		strb	r6, [sp, #325]
  72 0034 8DF84B51 		strb	r5, [sp, #331]
  73 0038 214B     		ldr	r3, .L3+8
  74 003a 5393     		str	r3, [sp, #332]
  25:application/shoot/shoot.c ****         .can_init_config = {
  26:application/shoot/shoot.c ****             .can_handle = &hcan2,
  27:application/shoot/shoot.c ****         },
  28:application/shoot/shoot.c ****         .controller_param_init_config = {
  29:application/shoot/shoot.c ****             .speed_PID = {
  30:application/shoot/shoot.c ****                 .Kp = 0, // 20
  31:application/shoot/shoot.c ****                 .Ki = 0, // 1
  32:application/shoot/shoot.c ****                 .Kd = 0,
  33:application/shoot/shoot.c ****                 .Improve = PID_Integral_Limit,
  34:application/shoot/shoot.c ****                 .IntegralLimit = 10000,
  35:application/shoot/shoot.c ****                 .MaxOut = 15000,
  36:application/shoot/shoot.c ****             },
  37:application/shoot/shoot.c ****             .current_PID = {
ARM GAS  /var/folders/kr/_85zhnz53vldd5tqwnc25svm0000gn/T//ccSxGnoW.s 			page 3


  38:application/shoot/shoot.c ****                 .Kp = 0, // 0.7
  39:application/shoot/shoot.c ****                 .Ki = 0, // 0.1
  40:application/shoot/shoot.c ****                 .Kd = 0,
  41:application/shoot/shoot.c ****                 .Improve = PID_Integral_Limit,
  42:application/shoot/shoot.c ****                 .IntegralLimit = 10000,
  43:application/shoot/shoot.c ****                 .MaxOut = 15000,
  44:application/shoot/shoot.c ****             },
  45:application/shoot/shoot.c ****         },
  46:application/shoot/shoot.c ****         .controller_setting_init_config = {
  47:application/shoot/shoot.c ****             .angle_feedback_source = MOTOR_FEED,
  48:application/shoot/shoot.c ****             .speed_feedback_source = MOTOR_FEED,
  49:application/shoot/shoot.c **** 
  50:application/shoot/shoot.c ****             .outer_loop_type = SPEED_LOOP,
  51:application/shoot/shoot.c ****             .close_loop_type = SPEED_LOOP | CURRENT_LOOP,
  52:application/shoot/shoot.c ****             .motor_reverse_flag = MOTOR_DIRECTION_NORMAL,
  53:application/shoot/shoot.c ****         },
  54:application/shoot/shoot.c ****         .motor_type = M3508};
  55:application/shoot/shoot.c ****     friction_config.can_init_config.tx_id = 1,
  75              		.loc 1 55 5 is_stmt 1 view .LVU3
  76              		.loc 1 55 43 is_stmt 0 view .LVU4
  77 003c 5494     		str	r4, [sp, #336]
  56:application/shoot/shoot.c ****     friction_l = DJIMotorInit(&friction_config);
  78              		.loc 1 56 18 view .LVU5
  79 003e 0DEB0700 		add	r0, sp, r7
  80 0042 FFF7FEFF 		bl	DJIMotorInit
  81              	.LVL1:
  82              		.loc 1 56 16 discriminator 1 view .LVU6
  83 0046 1F4B     		ldr	r3, .L3+12
  84 0048 1860     		str	r0, [r3]
  57:application/shoot/shoot.c **** 
  58:application/shoot/shoot.c ****     friction_config.can_init_config.tx_id = 2; // Âè≥Êë©Êì¶ËΩÆ,ÊîπtxidÂíåÊñπÂêëÂ∞±Ë°å
  85              		.loc 1 58 5 is_stmt 1 view .LVU7
  86              		.loc 1 58 43 is_stmt 0 view .LVU8
  87 004a 5495     		str	r5, [sp, #336]
  59:application/shoot/shoot.c ****     friction_config.controller_setting_init_config.motor_reverse_flag = MOTOR_DIRECTION_REVERSE;
  88              		.loc 1 59 5 is_stmt 1 view .LVU9
  89              		.loc 1 59 71 is_stmt 0 view .LVU10
  90 004c 8DF84641 		strb	r4, [sp, #326]
  60:application/shoot/shoot.c ****     friction_r = DJIMotorInit(&friction_config);
  91              		.loc 1 60 5 is_stmt 1 view .LVU11
  92              		.loc 1 60 18 is_stmt 0 view .LVU12
  93 0050 0DEB0700 		add	r0, sp, r7
  94 0054 FFF7FEFF 		bl	DJIMotorInit
  95              	.LVL2:
  96              		.loc 1 60 16 discriminator 1 view .LVU13
  97 0058 1B4B     		ldr	r3, .L3+16
  98 005a 1860     		str	r0, [r3]
  61:application/shoot/shoot.c **** 
  62:application/shoot/shoot.c ****     // Êã®ÁõòÁîµÊú∫
  63:application/shoot/shoot.c ****     Motor_Init_Config_s loader_config = {
  99              		.loc 1 63 5 is_stmt 1 view .LVU14
 100              		.loc 1 63 25 is_stmt 0 view .LVU15
 101 005c 3A46     		mov	r2, r7
 102 005e 0021     		movs	r1, #0
 103 0060 6846     		mov	r0, sp
 104 0062 FFF7FEFF 		bl	memset
 105              	.LVL3:
ARM GAS  /var/folders/kr/_85zhnz53vldd5tqwnc25svm0000gn/T//ccSxGnoW.s 			page 4


 106 0066 194B     		ldr	r3, .L3+20
 107 0068 0793     		str	r3, [sp, #28]	@ float
 108 006a 8DF82440 		strb	r4, [sp, #36]
 109 006e 0A93     		str	r3, [sp, #40]	@ float
 110 0070 1293     		str	r3, [sp, #72]	@ float
 111 0072 8DF85040 		strb	r4, [sp, #80]
 112 0076 1593     		str	r3, [sp, #84]	@ float
 113 0078 154B     		ldr	r3, .L3+24
 114 007a 1D93     		str	r3, [sp, #116]	@ float
 115 007c 8DF89450 		strb	r5, [sp, #148]
 116 0080 8DF89560 		strb	r6, [sp, #149]
 117 0084 8DF89B60 		strb	r6, [sp, #155]
 118 0088 124B     		ldr	r3, .L3+28
 119 008a 2793     		str	r3, [sp, #156]
 120 008c 0423     		movs	r3, #4
 121 008e 2893     		str	r3, [sp, #160]
  64:application/shoot/shoot.c ****         .can_init_config = {
  65:application/shoot/shoot.c ****             .can_handle = &hcan1,
  66:application/shoot/shoot.c ****             .tx_id = 4,
  67:application/shoot/shoot.c ****         },
  68:application/shoot/shoot.c ****         .controller_param_init_config = {
  69:application/shoot/shoot.c ****             .angle_PID = {
  70:application/shoot/shoot.c ****                 // Â¶ÇÊûúÂêØÁî®‰ΩçÁΩÆÁéØÊù•ÊéßÂà∂ÂèëÂºπ,ÈúÄË¶ÅËæÉÂ§ßÁöÑIÂÄº‰øùËØÅËæìÂá∫ÂäõÁü©ÁöÑÁ∫ø
  71:application/shoot/shoot.c ****                 .Kp = 0, // 10
  72:application/shoot/shoot.c ****                 .Ki = 0,
  73:application/shoot/shoot.c ****                 .Kd = 0,
  74:application/shoot/shoot.c ****                 .MaxOut = 200,
  75:application/shoot/shoot.c ****             },
  76:application/shoot/shoot.c ****             .speed_PID = {
  77:application/shoot/shoot.c ****                 .Kp = 0, // 10
  78:application/shoot/shoot.c ****                 .Ki = 0, // 1
  79:application/shoot/shoot.c ****                 .Kd = 0,
  80:application/shoot/shoot.c ****                 .Improve = PID_Integral_Limit,
  81:application/shoot/shoot.c ****                 .IntegralLimit = 5000,
  82:application/shoot/shoot.c ****                 .MaxOut = 5000,
  83:application/shoot/shoot.c ****             },
  84:application/shoot/shoot.c ****             .current_PID = {
  85:application/shoot/shoot.c ****                 .Kp = 0, // 0.7
  86:application/shoot/shoot.c ****                 .Ki = 0, // 0.1
  87:application/shoot/shoot.c ****                 .Kd = 0,
  88:application/shoot/shoot.c ****                 .Improve = PID_Integral_Limit,
  89:application/shoot/shoot.c ****                 .IntegralLimit = 5000,
  90:application/shoot/shoot.c ****                 .MaxOut = 5000,
  91:application/shoot/shoot.c ****             },
  92:application/shoot/shoot.c ****         },
  93:application/shoot/shoot.c ****         .controller_setting_init_config = {
  94:application/shoot/shoot.c ****             .angle_feedback_source = MOTOR_FEED, .speed_feedback_source = MOTOR_FEED,
  95:application/shoot/shoot.c ****             .outer_loop_type = SPEED_LOOP, // ÂàùÂßãÂåñÊàêSPEED_LOOP,ËÆ©Êã®ÁõòÂÅúÂú®ÂéüÂú∞,Èò≤Ê≠¢Êã
  96:application/shoot/shoot.c ****             .close_loop_type = CURRENT_LOOP | SPEED_LOOP,
  97:application/shoot/shoot.c ****             .motor_reverse_flag = MOTOR_DIRECTION_NORMAL, // Ê≥®ÊÑèÊñπÂêëËÆæÁΩÆ‰∏∫Êã®ÁõòÁöÑÊã®Âá∫Áö
  98:application/shoot/shoot.c ****         },
  99:application/shoot/shoot.c ****         .motor_type = M2006 // Ëã±ÈõÑ‰ΩøÁî®m3508
 100:application/shoot/shoot.c ****     };
 101:application/shoot/shoot.c ****     loader = DJIMotorInit(&loader_config);
 122              		.loc 1 101 5 is_stmt 1 view .LVU16
 123              		.loc 1 101 14 is_stmt 0 view .LVU17
 124 0090 6846     		mov	r0, sp
ARM GAS  /var/folders/kr/_85zhnz53vldd5tqwnc25svm0000gn/T//ccSxGnoW.s 			page 5


 125 0092 FFF7FEFF 		bl	DJIMotorInit
 126              	.LVL4:
 127              		.loc 1 101 12 discriminator 1 view .LVU18
 128 0096 104B     		ldr	r3, .L3+32
 129 0098 1860     		str	r0, [r3]
 102:application/shoot/shoot.c **** 
 103:application/shoot/shoot.c ****     shoot_pub = PubRegister("shoot_feed", sizeof(Shoot_Upload_Data_s));
 130              		.loc 1 103 5 is_stmt 1 view .LVU19
 131              		.loc 1 103 17 is_stmt 0 view .LVU20
 132 009a 0021     		movs	r1, #0
 133 009c 0F48     		ldr	r0, .L3+36
 134 009e FFF7FEFF 		bl	PubRegister
 135              	.LVL5:
 136              		.loc 1 103 15 discriminator 1 view .LVU21
 137 00a2 0F4B     		ldr	r3, .L3+40
 138 00a4 1860     		str	r0, [r3]
 104:application/shoot/shoot.c ****     shoot_sub = SubRegister("shoot_cmd", sizeof(Shoot_Ctrl_Cmd_s));
 139              		.loc 1 104 5 is_stmt 1 view .LVU22
 140              		.loc 1 104 17 is_stmt 0 view .LVU23
 141 00a6 0A21     		movs	r1, #10
 142 00a8 0E48     		ldr	r0, .L3+44
 143 00aa FFF7FEFF 		bl	SubRegister
 144              	.LVL6:
 145              		.loc 1 104 15 discriminator 1 view .LVU24
 146 00ae 0E4B     		ldr	r3, .L3+48
 147 00b0 1860     		str	r0, [r3]
 105:application/shoot/shoot.c **** }
 148              		.loc 1 105 1 view .LVU25
 149 00b2 59B0     		add	sp, sp, #356
 150              	.LCFI2:
 151              		.cfi_def_cfa_offset 20
 152              		@ sp needed
 153 00b4 F0BD     		pop	{r4, r5, r6, r7, pc}
 154              	.L4:
 155 00b6 00BF     		.align	2
 156              	.L3:
 157 00b8 00606A46 		.word	1181376512
 158 00bc 00401C46 		.word	1176256512
 159 00c0 00000000 		.word	hcan2
 160 00c4 00000000 		.word	friction_l
 161 00c8 00000000 		.word	friction_r
 162 00cc 00409C45 		.word	1167867904
 163 00d0 00004843 		.word	1128792064
 164 00d4 00000000 		.word	hcan1
 165 00d8 00000000 		.word	loader
 166 00dc 00000000 		.word	.LC0
 167 00e0 00000000 		.word	shoot_pub
 168 00e4 0C000000 		.word	.LC1
 169 00e8 00000000 		.word	shoot_sub
 170              		.cfi_endproc
 171              	.LFE271:
 173              		.section	.text.ShootTask,"ax",%progbits
 174              		.align	1
 175              		.global	ShootTask
 176              		.syntax unified
 177              		.thumb
 178              		.thumb_func
ARM GAS  /var/folders/kr/_85zhnz53vldd5tqwnc25svm0000gn/T//ccSxGnoW.s 			page 6


 180              	ShootTask:
 181              	.LFB272:
 106:application/shoot/shoot.c **** 
 107:application/shoot/shoot.c **** /* Êú∫Âô®‰∫∫ÂèëÂ∞ÑÊú∫ÊûÑÊéßÂà∂Ê†∏ÂøÉ‰ªªÂä° */
 108:application/shoot/shoot.c **** void ShootTask()
 109:application/shoot/shoot.c **** {
 182              		.loc 1 109 1 is_stmt 1 view -0
 183              		.cfi_startproc
 184              		@ args = 0, pretend = 0, frame = 0
 185              		@ frame_needed = 0, uses_anonymous_args = 0
 186 0000 10B5     		push	{r4, lr}
 187              	.LCFI3:
 188              		.cfi_def_cfa_offset 8
 189              		.cfi_offset 4, -8
 190              		.cfi_offset 14, -4
 191 0002 2DED028B 		vpush.64	{d8}
 192              	.LCFI4:
 193              		.cfi_def_cfa_offset 16
 194              		.cfi_offset 80, -16
 195              		.cfi_offset 81, -12
 110:application/shoot/shoot.c ****     // ‰ªécmdËé∑ÂèñÊéßÂà∂Êï∞ÊçÆ
 111:application/shoot/shoot.c ****     SubGetMessage(shoot_sub, &shoot_cmd_recv);
 196              		.loc 1 111 5 view .LVU27
 197 0006 714C     		ldr	r4, .L23
 198 0008 2146     		mov	r1, r4
 199 000a 714B     		ldr	r3, .L23+4
 200 000c 1868     		ldr	r0, [r3]
 201 000e FFF7FEFF 		bl	SubGetMessage
 202              	.LVL7:
 112:application/shoot/shoot.c **** 
 113:application/shoot/shoot.c ****     // ÂØπshoot modeÁ≠â‰∫éSHOOT_STOPÁöÑÊÉÖÂÜµÁâπÊÆäÂ§ÑÁêÜ,Áõ¥Êé•ÂÅúÊ≠¢ÊâÄÊúâÁîµÊú∫(Á¥ßÊÄ•ÂÅúÊ≠¢)
 114:application/shoot/shoot.c ****     if (shoot_cmd_recv.shoot_mode == SHOOT_OFF)
 203              		.loc 1 114 5 view .LVU28
 204              		.loc 1 114 23 is_stmt 0 view .LVU29
 205 0012 2378     		ldrb	r3, [r4]	@ zero_extendqisi2
 206              		.loc 1 114 8 view .LVU30
 207 0014 ABB9     		cbnz	r3, .L6
 115:application/shoot/shoot.c ****     {
 116:application/shoot/shoot.c ****         DJIMotorStop(friction_l);
 208              		.loc 1 116 9 is_stmt 1 view .LVU31
 209 0016 6F4B     		ldr	r3, .L23+8
 210 0018 1868     		ldr	r0, [r3]
 211 001a FFF7FEFF 		bl	DJIMotorStop
 212              	.LVL8:
 117:application/shoot/shoot.c ****         DJIMotorStop(friction_r);
 213              		.loc 1 117 9 view .LVU32
 214 001e 6E4B     		ldr	r3, .L23+12
 215 0020 1868     		ldr	r0, [r3]
 216 0022 FFF7FEFF 		bl	DJIMotorStop
 217              	.LVL9:
 118:application/shoot/shoot.c ****         DJIMotorStop(loader);
 218              		.loc 1 118 9 view .LVU33
 219 0026 6D4B     		ldr	r3, .L23+16
 220 0028 1868     		ldr	r0, [r3]
 221 002a FFF7FEFF 		bl	DJIMotorStop
 222              	.LVL10:
 223              	.L7:
ARM GAS  /var/folders/kr/_85zhnz53vldd5tqwnc25svm0000gn/T//ccSxGnoW.s 			page 7


 119:application/shoot/shoot.c ****     }
 120:application/shoot/shoot.c ****     else // ÊÅ¢Â§çËøêË°å
 121:application/shoot/shoot.c ****     {
 122:application/shoot/shoot.c ****         DJIMotorEnable(friction_l);
 123:application/shoot/shoot.c ****         DJIMotorEnable(friction_r);
 124:application/shoot/shoot.c ****         DJIMotorEnable(loader);
 125:application/shoot/shoot.c ****     }
 126:application/shoot/shoot.c **** 
 127:application/shoot/shoot.c ****     // Â¶ÇÊûú‰∏ä‰∏ÄÊ¨°Ëß¶ÂèëÂçïÂèëÊàñ3ÂèëÊåá‰ª§ÁöÑÊó∂Èó¥Âä†‰∏ä‰∏çÂ∫îÊúü‰ªçÁÑ∂Â§ß‰∫éÂΩìÂâçÊó∂Èó¥(Â∞ö
 128:application/shoot/shoot.c ****     // ÂçïÂèëÊ®°Âºè‰∏ªË¶ÅÊèê‰æõÁªôËÉΩÈáèÊú∫ÂÖ≥ÊøÄÊ¥ª‰ΩøÁî®(‰ª•ÂèäËã±ÈõÑÁöÑÂ∞ÑÂáªÂ§ßÈÉ®ÂàÜÂ§Ñ‰∫éÂçïÂ
 129:application/shoot/shoot.c ****     // if (hibernate_time + dead_time > DWT_GetTimeline_ms())
 130:application/shoot/shoot.c ****     //     return;
 131:application/shoot/shoot.c **** 
 132:application/shoot/shoot.c ****     // Ëã•‰∏çÂú®‰ºëÁú†Áä∂ÊÄÅ,Ê†πÊçÆrobotCMD‰º†Êù•ÁöÑÊéßÂà∂Ê®°ÂºèËøõË°åÊã®ÁõòÁîµÊú∫ÂèÇËÄÉÂÄºËÆæÂÆöÂí
 133:application/shoot/shoot.c ****     switch (shoot_cmd_recv.load_mode)
 224              		.loc 1 133 5 view .LVU34
 225              		.loc 1 133 27 is_stmt 0 view .LVU35
 226 002e 674B     		ldr	r3, .L23
 227 0030 5B78     		ldrb	r3, [r3, #1]	@ zero_extendqisi2
 228              		.loc 1 133 5 view .LVU36
 229 0032 042B     		cmp	r3, #4
 230 0034 00F28680 		bhi	.L21
 231 0038 DFE803F0 		tbb	[pc, r3]
 232              	.L10:
 233 003c 10       		.byte	(.L14-.L10)/2
 234 003d 7E       		.byte	(.L13-.L10)/2
 235 003e 36       		.byte	(.L12-.L10)/2
 236 003f 4D       		.byte	(.L11-.L10)/2
 237 0040 64       		.byte	(.L9-.L10)/2
 238 0041 00       		.p2align 1
 239              	.L6:
 122:application/shoot/shoot.c ****         DJIMotorEnable(friction_r);
 240              		.loc 1 122 9 is_stmt 1 view .LVU37
 241 0042 644B     		ldr	r3, .L23+8
 242 0044 1868     		ldr	r0, [r3]
 243 0046 FFF7FEFF 		bl	DJIMotorEnable
 244              	.LVL11:
 123:application/shoot/shoot.c ****         DJIMotorEnable(loader);
 245              		.loc 1 123 9 view .LVU38
 246 004a 634B     		ldr	r3, .L23+12
 247 004c 1868     		ldr	r0, [r3]
 248 004e FFF7FEFF 		bl	DJIMotorEnable
 249              	.LVL12:
 124:application/shoot/shoot.c ****     }
 250              		.loc 1 124 9 view .LVU39
 251 0052 624B     		ldr	r3, .L23+16
 252 0054 1868     		ldr	r0, [r3]
 253 0056 FFF7FEFF 		bl	DJIMotorEnable
 254              	.LVL13:
 255 005a E8E7     		b	.L7
 256              	.L14:
 134:application/shoot/shoot.c ****     {
 135:application/shoot/shoot.c ****     // ÂÅúÊ≠¢Êã®Áõò
 136:application/shoot/shoot.c ****     case LOAD_STOP:
 137:application/shoot/shoot.c ****         DJIMotorOuterLoop(loader, SPEED_LOOP); // ÂàáÊç¢Âà∞ÈÄüÂ∫¶ÁéØ
 257              		.loc 1 137 9 view .LVU40
 258 005c 5F4C     		ldr	r4, .L23+16
ARM GAS  /var/folders/kr/_85zhnz53vldd5tqwnc25svm0000gn/T//ccSxGnoW.s 			page 8


 259 005e 0221     		movs	r1, #2
 260 0060 2068     		ldr	r0, [r4]
 261 0062 FFF7FEFF 		bl	DJIMotorOuterLoop
 262              	.LVL14:
 138:application/shoot/shoot.c ****         DJIMotorSetRef(loader, 0);             // ÂêåÊó∂ËÆæÂÆöÂèÇËÄÉÂÄº‰∏∫0,ËøôÊ†∑ÂÅúÊ≠¢ÁöÑÈÄüÂ∫¶Êú
 263              		.loc 1 138 9 view .LVU41
 264 0066 9FED5E0A 		vldr.32	s0, .L23+20
 265 006a 2068     		ldr	r0, [r4]
 266 006c FFF7FEFF 		bl	DJIMotorSetRef
 267              	.LVL15:
 139:application/shoot/shoot.c ****         break;
 268              		.loc 1 139 9 view .LVU42
 269              	.L15:
 140:application/shoot/shoot.c ****     // ÂçïÂèëÊ®°Âºè,Ê†πÊçÆÈº†Ê†áÊåâ‰∏ãÁöÑÊó∂Èó¥,Ëß¶Âèë‰∏ÄÊ¨°‰πãÂêéÈúÄË¶ÅËøõÂÖ•‰∏çÂìçÂ∫îËæìÂÖ•ÁöÑÁä∂
 141:application/shoot/shoot.c ****     case LOAD_1_BULLET:                                                                     // ÊøÄÊ
 142:application/shoot/shoot.c ****         DJIMotorOuterLoop(loader, ANGLE_LOOP);                                              // ÂàáÊ
 143:application/shoot/shoot.c ****         DJIMotorSetRef(loader, loader->measure.total_angle + ONE_BULLET_DELTA_ANGLE); // ÊéßÂà∂ÈáèÂ
 144:application/shoot/shoot.c ****         hibernate_time = DWT_GetTimeline_ms();                                              // ËÆ∞Â
 145:application/shoot/shoot.c ****         dead_time = 150;                                                                    // ÂÆåÊ
 146:application/shoot/shoot.c ****         break;
 147:application/shoot/shoot.c ****     // ‰∏âËøûÂèë,Â¶ÇÊûú‰∏çÈúÄË¶ÅÂêéÁª≠ÂèØËÉΩÂà†Èô§
 148:application/shoot/shoot.c ****     case LOAD_3_BULLET:
 149:application/shoot/shoot.c ****         DJIMotorOuterLoop(loader, ANGLE_LOOP);                                                  // 
 150:application/shoot/shoot.c ****         DJIMotorSetRef(loader, loader->measure.total_angle + 3 * ONE_BULLET_DELTA_ANGLE); // Â¢ûÂä†
 151:application/shoot/shoot.c ****         hibernate_time = DWT_GetTimeline_ms();                                                  // 
 152:application/shoot/shoot.c ****         dead_time = 300;                                                                        // 
 153:application/shoot/shoot.c ****         break;
 154:application/shoot/shoot.c ****     // ËøûÂèëÊ®°Âºè,ÂØπÈÄüÂ∫¶Èó≠ÁéØ,Â∞ÑÈ¢ëÂêéÁª≠‰øÆÊîπ‰∏∫ÂèØÂèò,ÁõÆÂâçÂõ∫ÂÆö‰∏∫1Hz
 155:application/shoot/shoot.c ****     case LOAD_BURSTFIRE:
 156:application/shoot/shoot.c ****         DJIMotorOuterLoop(loader, SPEED_LOOP);
 157:application/shoot/shoot.c ****         DJIMotorSetRef(loader, shoot_cmd_recv.shoot_rate * 360 * REDUCTION_RATIO_LOADER / 8);
 158:application/shoot/shoot.c ****         // xÈ¢ó/ÁßíÊç¢ÁÆóÊàêÈÄüÂ∫¶: Â∑≤Áü•‰∏ÄÂúàÁöÑËΩΩÂºπÈáè,Áî±Ê≠§ËÆ°ÁÆóÂá∫1sÈúÄË¶ÅËΩ¨ÁöÑËßíÂ∫¶,Ê≥
 159:application/shoot/shoot.c ****         break;
 160:application/shoot/shoot.c ****     // Êã®ÁõòÂèçËΩ¨,ÂØπÈÄüÂ∫¶Èó≠ÁéØ,ÂêéÁª≠Â¢ûÂä†Âç°ÂºπÊ£ÄÊµã(ÈÄöËøáË£ÅÂà§Á≥ªÁªüÂâ©‰ΩôÁÉ≠ÈáèÂèçÈ¶àÂí
 161:application/shoot/shoot.c ****     // ‰πüÊúâÂèØËÉΩÈúÄË¶Å‰ªéswitch-case‰∏≠Áã¨Á´ãÂá∫Êù•
 162:application/shoot/shoot.c ****     case LOAD_REVERSE:
 163:application/shoot/shoot.c ****         DJIMotorOuterLoop(loader, SPEED_LOOP);
 164:application/shoot/shoot.c ****         // ...
 165:application/shoot/shoot.c ****         break;
 166:application/shoot/shoot.c ****     default:
 167:application/shoot/shoot.c ****         while (1)
 168:application/shoot/shoot.c ****             ; // Êú™Áü•Ê®°Âºè,ÂÅúÊ≠¢ËøêË°å,Ê£ÄÊü•ÊåáÈíàË∂äÁïå,ÂÜÖÂ≠òÊ∫¢Âá∫Á≠âÈóÆÈ¢ò
 169:application/shoot/shoot.c ****     }
 170:application/shoot/shoot.c **** 
 171:application/shoot/shoot.c ****     // Á°ÆÂÆöÊòØÂê¶ÂºÄÂêØÊë©Êì¶ËΩÆ,ÂêéÁª≠ÂèØËÉΩ‰øÆÊîπ‰∏∫ÈîÆÈº†Ê®°Âºè‰∏ãÂßãÁªàÂºÄÂêØÊë©Êì¶ËΩÆ(‰∏äÂú∫
 172:application/shoot/shoot.c ****     if (shoot_cmd_recv.friction_mode == FRICTION_ON)
 270              		.loc 1 172 5 view .LVU43
 271              		.loc 1 172 23 is_stmt 0 view .LVU44
 272 0070 564B     		ldr	r3, .L23
 273 0072 DB78     		ldrb	r3, [r3, #3]	@ zero_extendqisi2
 274              		.loc 1 172 8 view .LVU45
 275 0074 012B     		cmp	r3, #1
 276 0076 40F09380 		bne	.L16
 173:application/shoot/shoot.c ****     {
 174:application/shoot/shoot.c ****         // Ê†πÊçÆÊî∂Âà∞ÁöÑÂºπÈÄüËÆæÁΩÆËÆæÂÆöÊë©Êì¶ËΩÆÁîµÊú∫ÂèÇËÄÉÂÄº,ÈúÄÂÆûÊµãÂêéÂ°´ÂÖ•
 175:application/shoot/shoot.c ****         switch (shoot_cmd_recv.bullet_speed)
 277              		.loc 1 175 9 is_stmt 1 view .LVU46
ARM GAS  /var/folders/kr/_85zhnz53vldd5tqwnc25svm0000gn/T//ccSxGnoW.s 			page 9


 278              		.loc 1 175 31 is_stmt 0 view .LVU47
 279 007a 544B     		ldr	r3, .L23
 280 007c 1B79     		ldrb	r3, [r3, #4]	@ zero_extendqisi2
 281              		.loc 1 175 9 view .LVU48
 282 007e 122B     		cmp	r3, #18
 283 0080 61D0     		beq	.L17
 284 0082 1E2B     		cmp	r3, #30
 285 0084 6ED0     		beq	.L18
 286 0086 0F2B     		cmp	r3, #15
 287 0088 7BD1     		bne	.L19
 176:application/shoot/shoot.c ****         {
 177:application/shoot/shoot.c ****         case SMALL_AMU_15:
 178:application/shoot/shoot.c ****             DJIMotorSetRef(friction_l, 0);
 288              		.loc 1 178 13 is_stmt 1 view .LVU49
 289 008a 9FED558A 		vldr.32	s16, .L23+20
 290 008e B0EE480A 		vmov.f32	s0, s16
 291 0092 504B     		ldr	r3, .L23+8
 292 0094 1868     		ldr	r0, [r3]
 293 0096 FFF7FEFF 		bl	DJIMotorSetRef
 294              	.LVL16:
 179:application/shoot/shoot.c ****             DJIMotorSetRef(friction_r, 0);
 295              		.loc 1 179 13 view .LVU50
 296 009a B0EE480A 		vmov.f32	s0, s16
 297 009e 4E4B     		ldr	r3, .L23+12
 298 00a0 1868     		ldr	r0, [r3]
 299 00a2 FFF7FEFF 		bl	DJIMotorSetRef
 300              	.LVL17:
 180:application/shoot/shoot.c ****             break;
 301              		.loc 1 180 13 view .LVU51
 302 00a6 89E0     		b	.L20
 303              	.L12:
 142:application/shoot/shoot.c ****         DJIMotorSetRef(loader, loader->measure.total_angle + ONE_BULLET_DELTA_ANGLE); // ÊéßÂà∂ÈáèÂ
 304              		.loc 1 142 9 view .LVU52
 305 00a8 4C4C     		ldr	r4, .L23+16
 306 00aa 0421     		movs	r1, #4
 307 00ac 2068     		ldr	r0, [r4]
 308 00ae FFF7FEFF 		bl	DJIMotorOuterLoop
 309              	.LVL18:
 143:application/shoot/shoot.c ****         hibernate_time = DWT_GetTimeline_ms();                                              // ËÆ∞Â
 310              		.loc 1 143 9 view .LVU53
 311 00b2 2068     		ldr	r0, [r4]
 143:application/shoot/shoot.c ****         hibernate_time = DWT_GetTimeline_ms();                                              // ËÆ∞Â
 312              		.loc 1 143 47 is_stmt 0 view .LVU54
 313 00b4 90ED040A 		vldr.32	s0, [r0, #16]
 143:application/shoot/shoot.c ****         hibernate_time = DWT_GetTimeline_ms();                                              // ËÆ∞Â
 314              		.loc 1 143 9 view .LVU55
 315 00b8 DFED4A7A 		vldr.32	s15, .L23+24
 316 00bc 30EE270A 		vadd.f32	s0, s0, s15
 317 00c0 FFF7FEFF 		bl	DJIMotorSetRef
 318              	.LVL19:
 144:application/shoot/shoot.c ****         dead_time = 150;                                                                    // ÂÆåÊ
 319              		.loc 1 144 9 is_stmt 1 view .LVU56
 144:application/shoot/shoot.c ****         dead_time = 150;                                                                    // ÂÆåÊ
 320              		.loc 1 144 26 is_stmt 0 view .LVU57
 321 00c4 FFF7FEFF 		bl	DWT_GetTimeline_ms
 322              	.LVL20:
 144:application/shoot/shoot.c ****         dead_time = 150;                                                                    // ÂÆåÊ
ARM GAS  /var/folders/kr/_85zhnz53vldd5tqwnc25svm0000gn/T//ccSxGnoW.s 			page 10


 323              		.loc 1 144 24 discriminator 1 view .LVU58
 324 00c8 474B     		ldr	r3, .L23+28
 325 00ca 83ED000A 		vstr.32	s0, [r3]
 145:application/shoot/shoot.c ****         break;
 326              		.loc 1 145 9 is_stmt 1 view .LVU59
 145:application/shoot/shoot.c ****         break;
 327              		.loc 1 145 19 is_stmt 0 view .LVU60
 328 00ce 474B     		ldr	r3, .L23+32
 329 00d0 474A     		ldr	r2, .L23+36
 330 00d2 1A60     		str	r2, [r3]	@ float
 146:application/shoot/shoot.c ****     // ‰∏âËøûÂèë,Â¶ÇÊûú‰∏çÈúÄË¶ÅÂêéÁª≠ÂèØËÉΩÂà†Èô§
 331              		.loc 1 146 9 is_stmt 1 view .LVU61
 332 00d4 CCE7     		b	.L15
 333              	.L11:
 149:application/shoot/shoot.c ****         DJIMotorSetRef(loader, loader->measure.total_angle + 3 * ONE_BULLET_DELTA_ANGLE); // Â¢ûÂä†
 334              		.loc 1 149 9 view .LVU62
 335 00d6 414C     		ldr	r4, .L23+16
 336 00d8 0421     		movs	r1, #4
 337 00da 2068     		ldr	r0, [r4]
 338 00dc FFF7FEFF 		bl	DJIMotorOuterLoop
 339              	.LVL21:
 150:application/shoot/shoot.c ****         hibernate_time = DWT_GetTimeline_ms();                                                  // 
 340              		.loc 1 150 9 view .LVU63
 341 00e0 2068     		ldr	r0, [r4]
 150:application/shoot/shoot.c ****         hibernate_time = DWT_GetTimeline_ms();                                                  // 
 342              		.loc 1 150 47 is_stmt 0 view .LVU64
 343 00e2 90ED040A 		vldr.32	s0, [r0, #16]
 150:application/shoot/shoot.c ****         hibernate_time = DWT_GetTimeline_ms();                                                  // 
 344              		.loc 1 150 9 view .LVU65
 345 00e6 DFED437A 		vldr.32	s15, .L23+40
 346 00ea 30EE270A 		vadd.f32	s0, s0, s15
 347 00ee FFF7FEFF 		bl	DJIMotorSetRef
 348              	.LVL22:
 151:application/shoot/shoot.c ****         dead_time = 300;                                                                        // 
 349              		.loc 1 151 9 is_stmt 1 view .LVU66
 151:application/shoot/shoot.c ****         dead_time = 300;                                                                        // 
 350              		.loc 1 151 26 is_stmt 0 view .LVU67
 351 00f2 FFF7FEFF 		bl	DWT_GetTimeline_ms
 352              	.LVL23:
 151:application/shoot/shoot.c ****         dead_time = 300;                                                                        // 
 353              		.loc 1 151 24 discriminator 1 view .LVU68
 354 00f6 3C4B     		ldr	r3, .L23+28
 355 00f8 83ED000A 		vstr.32	s0, [r3]
 152:application/shoot/shoot.c ****         break;
 356              		.loc 1 152 9 is_stmt 1 view .LVU69
 152:application/shoot/shoot.c ****         break;
 357              		.loc 1 152 19 is_stmt 0 view .LVU70
 358 00fc 3B4B     		ldr	r3, .L23+32
 359 00fe 3E4A     		ldr	r2, .L23+44
 360 0100 1A60     		str	r2, [r3]	@ float
 153:application/shoot/shoot.c ****     // ËøûÂèëÊ®°Âºè,ÂØπÈÄüÂ∫¶Èó≠ÁéØ,Â∞ÑÈ¢ëÂêéÁª≠‰øÆÊîπ‰∏∫ÂèØÂèò,ÁõÆÂâçÂõ∫ÂÆö‰∏∫1Hz
 361              		.loc 1 153 9 is_stmt 1 view .LVU71
 362 0102 B5E7     		b	.L15
 363              	.L9:
 156:application/shoot/shoot.c ****         DJIMotorSetRef(loader, shoot_cmd_recv.shoot_rate * 360 * REDUCTION_RATIO_LOADER / 8);
 364              		.loc 1 156 9 view .LVU72
 365 0104 354C     		ldr	r4, .L23+16
ARM GAS  /var/folders/kr/_85zhnz53vldd5tqwnc25svm0000gn/T//ccSxGnoW.s 			page 11


 366 0106 0221     		movs	r1, #2
 367 0108 2068     		ldr	r0, [r4]
 368 010a FFF7FEFF 		bl	DJIMotorOuterLoop
 369              	.LVL24:
 157:application/shoot/shoot.c ****         // xÈ¢ó/ÁßíÊç¢ÁÆóÊàêÈÄüÂ∫¶: Â∑≤Áü•‰∏ÄÂúàÁöÑËΩΩÂºπÈáè,Áî±Ê≠§ËÆ°ÁÆóÂá∫1sÈúÄË¶ÅËΩ¨ÁöÑËßíÂ∫¶,Ê≥
 370              		.loc 1 157 9 view .LVU73
 157:application/shoot/shoot.c ****         // xÈ¢ó/ÁßíÊç¢ÁÆóÊàêÈÄüÂ∫¶: Â∑≤Áü•‰∏ÄÂúàÁöÑËΩΩÂºπÈáè,Áî±Ê≠§ËÆ°ÁÆóÂá∫1sÈúÄË¶ÅËΩ¨ÁöÑËßíÂ∫¶,Ê≥
 371              		.loc 1 157 46 is_stmt 0 view .LVU74
 372 010e 2F4B     		ldr	r3, .L23
 373 0110 D3F80630 		ldr	r3, [r3, #6]	@ unaligned
 374 0114 07EE903A 		vmov	s15, r3	@ int
 157:application/shoot/shoot.c ****         // xÈ¢ó/ÁßíÊç¢ÁÆóÊàêÈÄüÂ∫¶: Â∑≤Áü•‰∏ÄÂúàÁöÑËΩΩÂºπÈáè,Áî±Ê≠§ËÆ°ÁÆóÂá∫1sÈúÄË¶ÅËΩ¨ÁöÑËßíÂ∫¶,Ê≥
 375              		.loc 1 157 58 view .LVU75
 376 0118 9FED387A 		vldr.32	s14, .L23+48
 377 011c 67EE877A 		vmul.f32	s15, s15, s14
 157:application/shoot/shoot.c ****         // xÈ¢ó/ÁßíÊç¢ÁÆóÊàêÈÄüÂ∫¶: Â∑≤Áü•‰∏ÄÂúàÁöÑËΩΩÂºπÈáè,Áî±Ê≠§ËÆ°ÁÆóÂá∫1sÈúÄË¶ÅËΩ¨ÁöÑËßíÂ∫¶,Ê≥
 378              		.loc 1 157 64 view .LVU76
 379 0120 9FED307A 		vldr.32	s14, .L23+24
 380 0124 67EE877A 		vmul.f32	s15, s15, s14
 157:application/shoot/shoot.c ****         // xÈ¢ó/ÁßíÊç¢ÁÆóÊàêÈÄüÂ∫¶: Â∑≤Áü•‰∏ÄÂúàÁöÑËΩΩÂºπÈáè,Áî±Ê≠§ËÆ°ÁÆóÂá∫1sÈúÄË¶ÅËΩ¨ÁöÑËßíÂ∫¶,Ê≥
 381              		.loc 1 157 9 view .LVU77
 382 0128 B4EE000A 		vmov.f32	s0, #1.25e-1
 383 012c 27EE800A 		vmul.f32	s0, s15, s0
 384 0130 2068     		ldr	r0, [r4]
 385 0132 FFF7FEFF 		bl	DJIMotorSetRef
 386              	.LVL25:
 159:application/shoot/shoot.c ****     // Êã®ÁõòÂèçËΩ¨,ÂØπÈÄüÂ∫¶Èó≠ÁéØ,ÂêéÁª≠Â¢ûÂä†Âç°ÂºπÊ£ÄÊµã(ÈÄöËøáË£ÅÂà§Á≥ªÁªüÂâ©‰ΩôÁÉ≠ÈáèÂèçÈ¶àÂí
 387              		.loc 1 159 9 is_stmt 1 view .LVU78
 388 0136 9BE7     		b	.L15
 389              	.L13:
 163:application/shoot/shoot.c ****         // ...
 390              		.loc 1 163 9 view .LVU79
 391 0138 0221     		movs	r1, #2
 392 013a 284B     		ldr	r3, .L23+16
 393 013c 1868     		ldr	r0, [r3]
 394 013e FFF7FEFF 		bl	DJIMotorOuterLoop
 395              	.LVL26:
 165:application/shoot/shoot.c ****     default:
 396              		.loc 1 165 9 view .LVU80
 397 0142 95E7     		b	.L15
 398              	.L21:
 399              	.L8:
 167:application/shoot/shoot.c ****             ; // Êú™Áü•Ê®°Âºè,ÂÅúÊ≠¢ËøêË°å,Ê£ÄÊü•ÊåáÈíàË∂äÁïå,ÂÜÖÂ≠òÊ∫¢Âá∫Á≠âÈóÆÈ¢ò
 400              		.loc 1 167 9 view .LVU81
 167:application/shoot/shoot.c ****             ; // Êú™Áü•Ê®°Âºè,ÂÅúÊ≠¢ËøêË°å,Ê£ÄÊü•ÊåáÈíàË∂äÁïå,ÂÜÖÂ≠òÊ∫¢Âá∫Á≠âÈóÆÈ¢ò
 401              		.loc 1 167 15 view .LVU82
 402 0144 FEE7     		b	.L8
 403              	.L17:
 181:application/shoot/shoot.c ****         case SMALL_AMU_18:
 182:application/shoot/shoot.c ****             DJIMotorSetRef(friction_l, 0);
 404              		.loc 1 182 13 view .LVU83
 405 0146 9FED268A 		vldr.32	s16, .L23+20
 406 014a B0EE480A 		vmov.f32	s0, s16
 407 014e 214B     		ldr	r3, .L23+8
 408 0150 1868     		ldr	r0, [r3]
 409 0152 FFF7FEFF 		bl	DJIMotorSetRef
 410              	.LVL27:
ARM GAS  /var/folders/kr/_85zhnz53vldd5tqwnc25svm0000gn/T//ccSxGnoW.s 			page 12


 183:application/shoot/shoot.c ****             DJIMotorSetRef(friction_r, 0);
 411              		.loc 1 183 13 view .LVU84
 412 0156 B0EE480A 		vmov.f32	s0, s16
 413 015a 1F4B     		ldr	r3, .L23+12
 414 015c 1868     		ldr	r0, [r3]
 415 015e FFF7FEFF 		bl	DJIMotorSetRef
 416              	.LVL28:
 184:application/shoot/shoot.c ****             break;
 417              		.loc 1 184 13 view .LVU85
 418 0162 2BE0     		b	.L20
 419              	.L18:
 185:application/shoot/shoot.c ****         case SMALL_AMU_30:
 186:application/shoot/shoot.c ****             DJIMotorSetRef(friction_l, 0);
 420              		.loc 1 186 13 view .LVU86
 421 0164 9FED1E8A 		vldr.32	s16, .L23+20
 422 0168 B0EE480A 		vmov.f32	s0, s16
 423 016c 194B     		ldr	r3, .L23+8
 424 016e 1868     		ldr	r0, [r3]
 425 0170 FFF7FEFF 		bl	DJIMotorSetRef
 426              	.LVL29:
 187:application/shoot/shoot.c ****             DJIMotorSetRef(friction_r, 0);
 427              		.loc 1 187 13 view .LVU87
 428 0174 B0EE480A 		vmov.f32	s0, s16
 429 0178 174B     		ldr	r3, .L23+12
 430 017a 1868     		ldr	r0, [r3]
 431 017c FFF7FEFF 		bl	DJIMotorSetRef
 432              	.LVL30:
 188:application/shoot/shoot.c ****             break;
 433              		.loc 1 188 13 view .LVU88
 434 0180 1CE0     		b	.L20
 435              	.L19:
 189:application/shoot/shoot.c ****         default: // ÂΩìÂâç‰∏∫‰∫ÜË∞ÉËØïËÆæÂÆöÁöÑÈªòËÆ§ÂÄº4000,Âõ†‰∏∫ËøòÊ≤°ÊúâÂä†ÂÖ•Ë£ÅÂà§Á≥ªÁªüÊó†Ê≥
 190:application/shoot/shoot.c ****             DJIMotorSetRef(friction_l, 30000);
 436              		.loc 1 190 13 view .LVU89
 437 0182 9FED1F8A 		vldr.32	s16, .L23+52
 438 0186 B0EE480A 		vmov.f32	s0, s16
 439 018a 124B     		ldr	r3, .L23+8
 440 018c 1868     		ldr	r0, [r3]
 441 018e FFF7FEFF 		bl	DJIMotorSetRef
 442              	.LVL31:
 191:application/shoot/shoot.c ****             DJIMotorSetRef(friction_r, 30000);
 443              		.loc 1 191 13 view .LVU90
 444 0192 B0EE480A 		vmov.f32	s0, s16
 445 0196 104B     		ldr	r3, .L23+12
 446 0198 1868     		ldr	r0, [r3]
 447 019a FFF7FEFF 		bl	DJIMotorSetRef
 448              	.LVL32:
 192:application/shoot/shoot.c ****             break;
 449              		.loc 1 192 13 view .LVU91
 450 019e 0DE0     		b	.L20
 451              	.L16:
 193:application/shoot/shoot.c ****         }
 194:application/shoot/shoot.c ****     }
 195:application/shoot/shoot.c ****     else // ÂÖ≥Èó≠Êë©Êì¶ËΩÆ
 196:application/shoot/shoot.c ****     {
 197:application/shoot/shoot.c ****         DJIMotorSetRef(friction_l, 0);
 452              		.loc 1 197 9 view .LVU92
ARM GAS  /var/folders/kr/_85zhnz53vldd5tqwnc25svm0000gn/T//ccSxGnoW.s 			page 13


 453 01a0 9FED0F8A 		vldr.32	s16, .L23+20
 454 01a4 B0EE480A 		vmov.f32	s0, s16
 455 01a8 0A4B     		ldr	r3, .L23+8
 456 01aa 1868     		ldr	r0, [r3]
 457 01ac FFF7FEFF 		bl	DJIMotorSetRef
 458              	.LVL33:
 198:application/shoot/shoot.c ****         DJIMotorSetRef(friction_r, 0);
 459              		.loc 1 198 9 view .LVU93
 460 01b0 B0EE480A 		vmov.f32	s0, s16
 461 01b4 084B     		ldr	r3, .L23+12
 462 01b6 1868     		ldr	r0, [r3]
 463 01b8 FFF7FEFF 		bl	DJIMotorSetRef
 464              	.LVL34:
 465              	.L20:
 199:application/shoot/shoot.c ****     }
 200:application/shoot/shoot.c **** 
 201:application/shoot/shoot.c ****     // ÂºÄÂÖ≥ÂºπËà±Áõñ
 202:application/shoot/shoot.c ****     if (shoot_cmd_recv.lid_mode == LID_CLOSE)
 466              		.loc 1 202 5 view .LVU94
 203:application/shoot/shoot.c ****     {
 204:application/shoot/shoot.c ****         //...
 205:application/shoot/shoot.c ****     }
 206:application/shoot/shoot.c ****     else if (shoot_cmd_recv.lid_mode == LID_OPEN)
 467              		.loc 1 206 10 view .LVU95
 207:application/shoot/shoot.c ****     {
 208:application/shoot/shoot.c ****         //...
 209:application/shoot/shoot.c ****     }
 468              		.loc 1 209 5 view .LVU96
 210:application/shoot/shoot.c **** 
 211:application/shoot/shoot.c ****     // ÂèçÈ¶àÊï∞ÊçÆ,ÁõÆÂâçÊöÇÊó∂Ê≤°ÊúâË¶ÅËÆæÂÆöÁöÑÂèçÈ¶àÊï∞ÊçÆ,ÂêéÁª≠ÂèØËÉΩÂ¢ûÂä†Â∫îÁî®Á¶ªÁ∫øÁõëÊµã
 212:application/shoot/shoot.c ****     PubPushMessage(shoot_pub, (void *)&shoot_feedback_data);
 469              		.loc 1 212 5 view .LVU97
 470 01bc 1149     		ldr	r1, .L23+56
 471 01be 124B     		ldr	r3, .L23+60
 472 01c0 1868     		ldr	r0, [r3]
 473 01c2 FFF7FEFF 		bl	PubPushMessage
 474              	.LVL35:
 213:application/shoot/shoot.c **** }...
 475              		.loc 1 213 1 is_stmt 0 view .LVU98
 476 01c6 BDEC028B 		vldm	sp!, {d8}
 477              	.LCFI5:
 478              		.cfi_restore 80
 479              		.cfi_restore 81
 480              		.cfi_def_cfa_offset 8
 481 01ca 10BD     		pop	{r4, pc}
 482              	.L24:
 483              		.align	2
 484              	.L23:
 485 01cc 00000000 		.word	shoot_cmd_recv
 486 01d0 00000000 		.word	shoot_sub
 487 01d4 00000000 		.word	friction_l
 488 01d8 00000000 		.word	friction_r
 489 01dc 00000000 		.word	loader
 490 01e0 00000000 		.word	0
 491 01e4 00001042 		.word	1108344832
 492 01e8 00000000 		.word	hibernate_time
 493 01ec 00000000 		.word	dead_time
ARM GAS  /var/folders/kr/_85zhnz53vldd5tqwnc25svm0000gn/T//ccSxGnoW.s 			page 14


 494 01f0 00001643 		.word	1125515264
 495 01f4 0000D842 		.word	1121452032
 496 01f8 00009643 		.word	1133903872
 497 01fc 0000B443 		.word	1135869952
 498 0200 0060EA46 		.word	1189765120
 499 0204 00000000 		.word	shoot_feedback_data
 500 0208 00000000 		.word	shoot_pub
 501              		.cfi_endproc
 502              	.LFE272:
 504              		.section	.bss.dead_time,"aw",%nobits
 505              		.align	2
 508              	dead_time:
 509 0000 00000000 		.space	4
 510              		.section	.bss.hibernate_time,"aw",%nobits
 511              		.align	2
 514              	hibernate_time:
 515 0000 00000000 		.space	4
 516              		.section	.bss.shoot_feedback_data,"aw",%nobits
 517              		.align	2
 520              	shoot_feedback_data:
 521              		.section	.bss.shoot_sub,"aw",%nobits
 522              		.align	2
 525              	shoot_sub:
 526 0000 00000000 		.space	4
 527              		.section	.bss.shoot_cmd_recv,"aw",%nobits
 528              		.align	2
 531              	shoot_cmd_recv:
 532 0000 00000000 		.space	10
 532      00000000 
 532      0000
 533              		.section	.bss.shoot_pub,"aw",%nobits
 534              		.align	2
 537              	shoot_pub:
 538 0000 00000000 		.space	4
 539              		.section	.bss.loader,"aw",%nobits
 540              		.align	2
 543              	loader:
 544 0000 00000000 		.space	4
 545              		.section	.bss.friction_r,"aw",%nobits
 546              		.align	2
 549              	friction_r:
 550 0000 00000000 		.space	4
 551              		.section	.bss.friction_l,"aw",%nobits
 552              		.align	2
 555              	friction_l:
 556 0000 00000000 		.space	4
 557              		.text
 558              	.Letext0:
 559              		.file 2 "/opt/ST/STM32CubeCLT_1.19.0/GNU-tools-for-STM32/arm-none-eabi/include/machine/_default_ty
 560              		.file 3 "/opt/ST/STM32CubeCLT_1.19.0/GNU-tools-for-STM32/arm-none-eabi/include/sys/_stdint.h"
 561              		.file 4 "Drivers/CMSIS/Device/ST/STM32F4xx/Include/stm32f407xx.h"
 562              		.file 5 "Drivers/CMSIS/Device/ST/STM32F4xx/Include/stm32f4xx.h"
 563              		.file 6 "Drivers/STM32F4xx_HAL_Driver/Inc/stm32f4xx_hal_can.h"
 564              		.file 7 "modules/master_machine/master_process.h"
 565              		.file 8 "application/robot_def.h"
 566              		.file 9 "Inc/can.h"
 567              		.file 10 "bsp/can/bsp_can.h"
ARM GAS  /var/folders/kr/_85zhnz53vldd5tqwnc25svm0000gn/T//ccSxGnoW.s 			page 15


 568              		.file 11 "modules/algorithm/controller.h"
 569              		.file 12 "modules/motor/motor_def.h"
 570              		.file 13 "modules/daemon/daemon.h"
 571              		.file 14 "modules/motor/DJImotor/dji_motor.h"
 572              		.file 15 "modules/message_center/message_center.h"
 573              		.file 16 "bsp/dwt/bsp_dwt.h"
 574              		.file 17 "<built-in>"
ARM GAS  /var/folders/kr/_85zhnz53vldd5tqwnc25svm0000gn/T//ccSxGnoW.s 			page 16


DEFINED SYMBOLS
                            *ABS*:00000000 shoot.c
/var/folders/kr/_85zhnz53vldd5tqwnc25svm0000gn/T//ccSxGnoW.s:21     .rodata.ShootInit.str1.4:00000000 $d
/var/folders/kr/_85zhnz53vldd5tqwnc25svm0000gn/T//ccSxGnoW.s:28     .text.ShootInit:00000000 $t
/var/folders/kr/_85zhnz53vldd5tqwnc25svm0000gn/T//ccSxGnoW.s:34     .text.ShootInit:00000000 ShootInit
/var/folders/kr/_85zhnz53vldd5tqwnc25svm0000gn/T//ccSxGnoW.s:157    .text.ShootInit:000000b8 $d
/var/folders/kr/_85zhnz53vldd5tqwnc25svm0000gn/T//ccSxGnoW.s:555    .bss.friction_l:00000000 friction_l
/var/folders/kr/_85zhnz53vldd5tqwnc25svm0000gn/T//ccSxGnoW.s:549    .bss.friction_r:00000000 friction_r
/var/folders/kr/_85zhnz53vldd5tqwnc25svm0000gn/T//ccSxGnoW.s:543    .bss.loader:00000000 loader
/var/folders/kr/_85zhnz53vldd5tqwnc25svm0000gn/T//ccSxGnoW.s:537    .bss.shoot_pub:00000000 shoot_pub
/var/folders/kr/_85zhnz53vldd5tqwnc25svm0000gn/T//ccSxGnoW.s:525    .bss.shoot_sub:00000000 shoot_sub
/var/folders/kr/_85zhnz53vldd5tqwnc25svm0000gn/T//ccSxGnoW.s:174    .text.ShootTask:00000000 $t
/var/folders/kr/_85zhnz53vldd5tqwnc25svm0000gn/T//ccSxGnoW.s:180    .text.ShootTask:00000000 ShootTask
/var/folders/kr/_85zhnz53vldd5tqwnc25svm0000gn/T//ccSxGnoW.s:233    .text.ShootTask:0000003c $d
/var/folders/kr/_85zhnz53vldd5tqwnc25svm0000gn/T//ccSxGnoW.s:485    .text.ShootTask:000001cc $d
/var/folders/kr/_85zhnz53vldd5tqwnc25svm0000gn/T//ccSxGnoW.s:531    .bss.shoot_cmd_recv:00000000 shoot_cmd_recv
/var/folders/kr/_85zhnz53vldd5tqwnc25svm0000gn/T//ccSxGnoW.s:514    .bss.hibernate_time:00000000 hibernate_time
/var/folders/kr/_85zhnz53vldd5tqwnc25svm0000gn/T//ccSxGnoW.s:508    .bss.dead_time:00000000 dead_time
/var/folders/kr/_85zhnz53vldd5tqwnc25svm0000gn/T//ccSxGnoW.s:520    .bss.shoot_feedback_data:00000000 shoot_feedback_data
/var/folders/kr/_85zhnz53vldd5tqwnc25svm0000gn/T//ccSxGnoW.s:505    .bss.dead_time:00000000 $d
/var/folders/kr/_85zhnz53vldd5tqwnc25svm0000gn/T//ccSxGnoW.s:511    .bss.hibernate_time:00000000 $d
/var/folders/kr/_85zhnz53vldd5tqwnc25svm0000gn/T//ccSxGnoW.s:522    .bss.shoot_sub:00000000 $d
/var/folders/kr/_85zhnz53vldd5tqwnc25svm0000gn/T//ccSxGnoW.s:528    .bss.shoot_cmd_recv:00000000 $d
/var/folders/kr/_85zhnz53vldd5tqwnc25svm0000gn/T//ccSxGnoW.s:534    .bss.shoot_pub:00000000 $d
/var/folders/kr/_85zhnz53vldd5tqwnc25svm0000gn/T//ccSxGnoW.s:540    .bss.loader:00000000 $d
/var/folders/kr/_85zhnz53vldd5tqwnc25svm0000gn/T//ccSxGnoW.s:546    .bss.friction_r:00000000 $d
/var/folders/kr/_85zhnz53vldd5tqwnc25svm0000gn/T//ccSxGnoW.s:552    .bss.friction_l:00000000 $d
/var/folders/kr/_85zhnz53vldd5tqwnc25svm0000gn/T//ccSxGnoW.s:238    .text.ShootTask:00000041 $d
/var/folders/kr/_85zhnz53vldd5tqwnc25svm0000gn/T//ccSxGnoW.s:238    .text.ShootTask:00000042 $t

UNDEFINED SYMBOLS
memset
DJIMotorInit
PubRegister
SubRegister
hcan2
hcan1
SubGetMessage
DJIMotorStop
DJIMotorEnable
DJIMotorOuterLoop
DJIMotorSetRef
DWT_GetTimeline_ms
PubPushMessage
